     1                                  ;hello-os
     2                                  ;TAB = 4
     3                                  		ORG		0x7c00    ;①
     4                                  
     5                                  ;disk
     6 00000000 EB4E                    		JMP		entry
     7 00000002 90                      		DB		0x90
     8 00000003 48454C4C4F49504C        		DB		"HELLOIPL"
     9 0000000B 0002                    		DW		512
    10 0000000D 01                      		DB		1
    11 0000000E 0100                    		DW		1
    12 00000010 02                      		DB		2
    13 00000011 E000                    		DW		224
    14 00000013 400B                    		DW		2880
    15 00000015 F0                      		DB		0xf0
    16 00000016 0900                    		DW		9
    17 00000018 1200                    		DW		18
    18 0000001A 0200                    		DW		2
    19 0000001C 00000000                		DD		0
    20 00000020 400B0000                		DD		2880
    21 00000024 000029                  		DB		0, 0, 0x29
    22 00000027 FFFFFFFF                		DD		0xffffffff
    23 0000002B 48454C4C4F2D4F5320-     		DB		"HELLO-OS   "
    23 00000034 2020               
    24 00000036 4641543132202020        		DB		"FAT12   "
    25 0000003E 00<rept>                		TIMES	18	DB	0    ;1
    26                                  
    27                                  ;main
    28                                  entry:
    29 00000050 B80000                  		MOV		AX, 0
    30 00000053 8ED0                    		MOV		SS, AX
    31 00000055 BC007C                  		MOV		SP, 0x7c00
    32 00000058 8ED8                    		MOV		DS, AX
    33 0000005A 8EC0                    		MOV		ES, AX
    34 0000005C BE[7400]                		MOV		SI, msg
    35                                  putloop:
    36 0000005F 8A04                    		MOV		AL, [SI]
    37 00000061 83C601                  		ADD		SI, 1
    38 00000064 3C00                    		CMP		AL, 0
    39 00000066 7409                    		JE		fin
    40 00000068 B40E                    		MOV		AH, 0x0e
    41 0000006A BB0F00                  		MOV		BX, 15
    42 0000006D CD10                    		INT		0x10    ;④
    43 0000006F EBEE                    		JMP		putloop
    44                                  fin:
    45 00000071 F4                      		HLT
    46 00000072 EBFD                    		JMP		fin
    47                                  msg:
    48 00000074 0A0A                    		DB		0x0a, 0x0a
    49 00000076 48656C6C6F2C576F72-     		DB		"Hello,World"
    49 0000007F 6C64               
    50 00000081 0A                      		DB		0x0a
    51 00000082 00                      		DB		0
    52 00000083 00<rept>                		TIMES	0x7dfe-0x7c00-($-$$)	DB	0    ;1,2    ;②
    53 000001FE 55AA                    		DB		0x55, 0xaa    ;③
    54                                  
    55                                  ;ブートセクタ以外の記述
    56 00000200 F0FFFF0000000000        		DB		0xf0, 0xff, 0xff, 0x00, 0x00, 0x00, 0x00, 0x00
    57 00000208 00<rept>                		TIMES	4600	DB	0    ;1
    58 00001400 F0FFFF0000000000        		DB		0xf0, 0xff, 0xff, 0x00, 0x00, 0x00, 0x00, 0x00
    59 00001408 00<rept>                		TIMES	1469432	DB	0    ;1
